1591813799735:select all writers
1591813807279:Select all writers  from Database
1591813813988:selectAllWriters
1591813860408:add
1591813904092:add Nikola Tesla
1591814038397:select all
1591815438730:add writer
1591815445938:stacktrace
1591815474644:add writer Mister
1591815487523:select all
1591815970155:elect all
1591815974471:select all
1591817777594:all
1591817788339:stacktrace
1591817802547:add
1591852312228:all
1591852444806:stacktrace
1591852569530:all
1591852874957:stacktrace
1591853018758:all
1591853039303:stacktrace\\
1591853290806:all
1591853303448:stacktrace
1591853425321:all
1591853434034:stacktrace
1591853817320:all
1591855753391:stacktrace
1591855880231:all
1591858544350:add
1591858555848:all
1591859934566:add
1591859996457:all
1591860016590:getById
1591860216615:gbi
1591860293338:all
1591860298361:gbi
1591860312410:count
1591862279610:add
1591862347134:tacktrace
1591862352449:stacktrace
1591862366913:add
1591862385450:stacktrace
1591862437931:add
1591862455742:all
1591862464126:add
1591862492517:all
