1592236553420:book-all
1592236574978:book-add-review
1592236607558:book-add-review Mariia lxjbhzkcfbjkdfg 1
1592236631842:author-all
1592236644782:review-all
1592236755833:author-all
1592246918278:Get all books.
1592246927812:Get all books
1592247110887:all
1592247604827:Save comment with bookId and text
1592247612984:saveComment
1592300922691:all
1592328374770:bl
1592330162432:all
1592332625428:commentShowAll
1592336004084:all
1592336100472:commentShowAll
1592336660132:al
1592336673442:stacktrace
1592336738358:al
1592336897723:all
1592337280235:bookListWithCommentsCountGroupBy
1592337708497:CommentForAuthor
1592338204962:AuthorsBook
1592338461375:CommentForAuthor
1592338676158:booksCount
1592339453343:all
