1592504645472:all
1592504655392:add
1592504660432:Add
1592504685966:stacktrace
1592504852981:Add
1592505542752:all
1592505781832:Add
1592506042470:stacktrace
1592506193391:Add
1592508118446:all
1592508129018:Add
1592508139761:stacktrace
1592508381326:Add
1592508398229:stacktrace
1592508462253:Add
1592508470339:all
1592508538233:Add
1592508546441:all
1592508597438:Add
1592508711469:all
1592508757225:ПуеИщщл 3
1592508765017:GetBook 3
1592508805619:DeleteBook
1592508811966:all
1592508821855:booksCount
1592508834169:FindBookByName
1592508902786:Addcommen
1592508910854:Addcomment
1592508919911:олвамтлсати
1592508957282:ShowAllComments
1592509029489:DeleteComment
1592509040607:EditComment
1592509062993:AllAuthors
1592509070899:AuthorsBook
1592509150161:FindBookByName
1592509794136:Addcomment
1592511308313:EditComment
1592511546271:Addcomment
1592511605955:AddComment
1592511614443:Addcomment
1592512643004:Прекрасная книга
1592512726777:ShowAllComments
1592512865073:AllAuthors
1592512874846:AuthorsBook
